<?xml version="1.0" encoding="UTF-8"?>
<!-- Generated by org.testng.reporters.JUnitReportReporter -->
<testsuite hostname="Chaitali" failures="0" tests="2" name="sdet.test.LoginPageTest" time="36.067" errors="0" timestamp="2022-10-25T19:01:39 IST" skipped="0">
  <testcase classname="sdet.test.LoginPageTest" name="validateLogo" time="11.459"/>
  <system-out/>
  <testcase classname="sdet.test.LoginPageTest" name="validateLogin" time="24.608"/>
  <system-out/>
</testsuite> <!-- sdet.test.LoginPageTest -->
