<?xml version="1.0" encoding="UTF-8"?>
<!-- Generated by org.testng.reporters.JUnitReportReporter -->
<testsuite hostname="Chaitali" failures="0" tests="1" name="sdet.test.CompaniesTest" time="56.557" errors="0" timestamp="2022-10-26T13:31:43 IST" skipped="0">
  <testcase classname="sdet.test.CompaniesTest" name="validatecompanypage" time="56.557"/>
  <system-out/>
</testsuite> <!-- sdet.test.CompaniesTest -->
