<?xml version="1.0" encoding="UTF-8"?>
<!-- Generated by org.testng.reporters.JUnitReportReporter -->
<testsuite hostname="Chaitali" failures="0" tests="1" name="sdet.test.NewContactPageTest" time="29.287" errors="0" timestamp="2022-10-26T11:04:52 IST" skipped="0">
  <testcase classname="sdet.test.NewContactPageTest" name="validateNewContactPage" time="29.287"/>
  <system-out/>
</testsuite> <!-- sdet.test.NewContactPageTest -->
