<?xml version="1.0" encoding="UTF-8"?>
<!-- Generated by org.testng.reporters.JUnitReportReporter -->
<testsuite hostname="Chaitali" failures="0" tests="2" name="sdet.test.HomePageTest" time="162.210" errors="0" timestamp="2022-10-25T23:12:05 IST" skipped="1">
  <testcase classname="sdet.test.HomePageTest" name="validateCrateNewContact" time="162.210"/>
  <system-out/>
  <testcase classname="sdet.test.HomePageTest" name="validatelogout">
    <skipped/>
  </testcase> <!-- validatelogout -->
  <system-out/>
</testsuite> <!-- sdet.test.HomePageTest -->
